<?xml version="1.0" encoding="UTF-8"?>
<testsuite name="org.example.MyLibraryTest" tests="1" skipped="0" failures="0" errors="0" timestamp="2020-01-24T07:23:43" hostname="bum-15U530-GT50K" time="0.003">
  <properties/>
  <testcase name="testMyLanguage" classname="org.example.MyLibraryTest" time="0.003"/>
  <system-out><![CDATA[]]></system-out>
  <system-err><![CDATA[]]></system-err>
</testsuite>
